2026-03-14T00:15:55.202+05:30  WARN 11512 --- [project-backend] [HikariPool-1:housekeeper] com.zaxxer.hikari.pool.HikariPool        : HikariPool-1 - Thread starvation or clock leap detected (housekeeper delta=52m37s73ms344µs400ns).
2026-03-14T00:29:14.967+05:30  INFO 11512 --- [project-backend] [SpringApplicationShutdownHook] o.s.boot.tomcat.GracefulShutdown         : Commencing graceful shutdown. Waiting for active requests to complete
2026-03-14T00:29:15.364+05:30  INFO 11512 --- [project-backend] [tomcat-shutdown] o.s.boot.tomcat.GracefulShutdown         : Graceful shutdown complete
2026-03-14T00:29:15.443+05:30  INFO 11512 --- [project-backend] [SpringApplicationShutdownHook] j.LocalContainerEntityManagerFactoryBean : Closing JPA EntityManagerFactory for persistence unit 'default'
2026-03-14T00:29:15.594+05:30  INFO 11512 --- [project-backend] [SpringApplicationShutdownHook] com.zaxxer.hikari.HikariDataSource       : HikariPool-1 - Shutdown initiated...
2026-03-14T00:29:15.635+05:30  INFO 11512 --- [project-backend] [SpringApplicationShutdownHook] com.zaxxer.hikari.HikariDataSource       : HikariPool-1 - Shutdown completed.
2026-03-14T00:29:22.634+05:30  INFO 57880 --- [project-backend] [restartedMain] c.e.p.ProjectBackendApplication          : Starting ProjectBackendApplication using Java 19.0.1 with PID 57880 (C:\Users\akankshya pradhan\OneDrive\Desktop\project-backend\target\classes started by akankshya pradhan in C:\Users\akankshya pradhan\OneDrive\Desktop\project-backend)
2026-03-14T00:29:22.639+05:30 DEBUG 57880 --- [project-backend] [restartedMain] c.e.p.ProjectBackendApplication          : Running with Spring Boot v4.0.3, Spring v7.0.5
2026-03-14T00:29:22.641+05:30  INFO 57880 --- [project-backend] [restartedMain] c.e.p.ProjectBackendApplication          : No active profile set, falling back to 1 default profile: "default"
2026-03-14T00:29:22.730+05:30  INFO 57880 --- [project-backend] [restartedMain] .e.DevToolsPropertyDefaultsPostProcessor : Devtools property defaults active! Set 'spring.devtools.add-properties' to 'false' to disable
2026-03-14T00:29:22.730+05:30  INFO 57880 --- [project-backend] [restartedMain] .e.DevToolsPropertyDefaultsPostProcessor : For additional web related logging consider setting the 'logging.level.web' property to 'DEBUG'
2026-03-14T00:29:24.298+05:30  INFO 57880 --- [project-backend] [restartedMain] .s.d.r.c.RepositoryConfigurationDelegate : Bootstrapping Spring Data JPA repositories in DEFAULT mode.
2026-03-14T00:29:24.418+05:30  INFO 57880 --- [project-backend] [restartedMain] .s.d.r.c.RepositoryConfigurationDelegate : Finished Spring Data repository scanning in 103 ms. Found 6 JPA repository interfaces.
2026-03-14T00:29:25.560+05:30  INFO 57880 --- [project-backend] [restartedMain] o.s.boot.tomcat.TomcatWebServer          : Tomcat initialized with port 8080 (http)
2026-03-14T00:29:25.584+05:30  INFO 57880 --- [project-backend] [restartedMain] o.apache.catalina.core.StandardService   : Starting service [Tomcat]
2026-03-14T00:29:25.585+05:30  INFO 57880 --- [project-backend] [restartedMain] o.apache.catalina.core.StandardEngine    : Starting Servlet engine: [Apache Tomcat/11.0.18]
2026-03-14T00:29:25.694+05:30  INFO 57880 --- [project-backend] [restartedMain] b.w.c.s.WebApplicationContextInitializer : Root WebApplicationContext: initialization completed in 2963 ms
2026-03-14T00:29:25.819+05:30 DEBUG 57880 --- [project-backend] [restartedMain] c.e.project_backend.security.JwtFilter   : Filter 'jwtFilter' configured for use
2026-03-14T00:29:26.058+05:30  INFO 57880 --- [project-backend] [restartedMain] org.hibernate.orm.jpa                    : HHH008540: Processing PersistenceUnitInfo [name: default]
2026-03-14T00:29:26.179+05:30  INFO 57880 --- [project-backend] [restartedMain] org.hibernate.orm.core                   : HHH000001: Hibernate ORM core version 7.2.4.Final
2026-03-14T00:29:27.084+05:30  INFO 57880 --- [project-backend] [restartedMain] o.s.o.j.p.SpringPersistenceUnitInfo      : No LoadTimeWeaver setup: ignoring JPA class transformer
2026-03-14T00:29:27.144+05:30  INFO 57880 --- [project-backend] [restartedMain] com.zaxxer.hikari.HikariDataSource       : HikariPool-1 - Starting...
2026-03-14T00:29:27.744+05:30  INFO 57880 --- [project-backend] [restartedMain] com.zaxxer.hikari.pool.HikariPool        : HikariPool-1 - Added connection com.mysql.cj.jdbc.ConnectionImpl@48c33a2a
2026-03-14T00:29:27.747+05:30  INFO 57880 --- [project-backend] [restartedMain] com.zaxxer.hikari.HikariDataSource       : HikariPool-1 - Start completed.
2026-03-14T00:29:27.856+05:30  WARN 57880 --- [project-backend] [restartedMain] org.hibernate.orm.deprecation            : HHH90000025: MySQLDialect does not need to be specified explicitly using 'hibernate.dialect' (remove the property setting and it will be selected by default)
2026-03-14T00:29:27.892+05:30  INFO 57880 --- [project-backend] [restartedMain] org.hibernate.orm.connections.pooling    : HHH10001005: Database info:
	Database JDBC URL [jdbc:mysql://localhost:3306/ecommerce_db]
	Database driver: MySQL Connector/J
	Database dialect: MySQLDialect
	Database version: 8.0.45
	Default catalog/schema: ecommerce_db/undefined
	Autocommit mode: undefined/unknown
	Isolation level: REPEATABLE_READ [default REPEATABLE_READ]
	JDBC fetch size: none
	Pool: DataSourceConnectionProvider
	Minimum pool size: undefined/unknown
	Maximum pool size: undefined/unknown
2026-03-14T00:29:29.588+05:30  INFO 57880 --- [project-backend] [restartedMain] org.hibernate.orm.core                   : HHH000489: No JTA platform available (set 'hibernate.transaction.jta.platform' to enable JTA platform integration)
2026-03-14T00:29:29.760+05:30  INFO 57880 --- [project-backend] [restartedMain] j.LocalContainerEntityManagerFactoryBean : Initialized JPA EntityManagerFactory for persistence unit 'default'
2026-03-14T00:29:29.887+05:30  INFO 57880 --- [project-backend] [restartedMain] o.s.d.j.r.query.QueryEnhancerFactories   : Hibernate is in classpath; If applicable, HQL parser will be used.
2026-03-14T00:29:30.490+05:30  WARN 57880 --- [project-backend] [restartedMain] JpaBaseConfiguration$JpaWebConfiguration : spring.jpa.open-in-view is enabled by default. Therefore, database queries may be performed during view rendering. Explicitly configure spring.jpa.open-in-view to disable this warning
2026-03-14T00:29:30.615+05:30  INFO 57880 --- [project-backend] [restartedMain] r$InitializeUserDetailsManagerConfigurer : Global AuthenticationManager configured with UserDetailsService bean with name customUserDetailsService
2026-03-14T00:29:31.601+05:30  INFO 57880 --- [project-backend] [restartedMain] o.s.boot.tomcat.TomcatWebServer          : Tomcat started on port 8080 (http) with context path '/'
2026-03-14T00:29:31.613+05:30  INFO 57880 --- [project-backend] [restartedMain] c.e.p.ProjectBackendApplication          : Started ProjectBackendApplication in 9.806 seconds (process running for 10.947)
2026-03-14T00:29:31.617+05:30  WARN 57880 --- [project-backend] [restartedMain] o.s.core.events.SpringDocAppInitializer  : SpringDoc /v3/api-docs endpoint is enabled by default. To disable it in production, set the property 'springdoc.api-docs.enabled=false'
2026-03-14T00:29:31.618+05:30  WARN 57880 --- [project-backend] [restartedMain] o.s.core.events.SpringDocAppInitializer  : SpringDoc /swagger-ui.html endpoint is enabled by default. To disable it in production, set the property 'springdoc.swagger-ui.enabled=false'
2026-03-14T00:31:53.900+05:30  INFO 57880 --- [project-backend] [http-nio-8080-exec-1] o.a.c.c.C.[Tomcat].[localhost].[/]       : Initializing Spring DispatcherServlet 'dispatcherServlet'
2026-03-14T00:31:53.903+05:30  INFO 57880 --- [project-backend] [http-nio-8080-exec-1] o.s.web.servlet.DispatcherServlet        : Initializing Servlet 'dispatcherServlet'
2026-03-14T00:31:53.917+05:30  INFO 57880 --- [project-backend] [http-nio-8080-exec-1] o.s.web.servlet.DispatcherServlet        : Completed initialization in 14 ms
2026-03-14T00:39:51.315+05:30  INFO 57880 --- [project-backend] [SpringApplicationShutdownHook] o.s.boot.tomcat.GracefulShutdown         : Commencing graceful shutdown. Waiting for active requests to complete
2026-03-14T00:39:51.649+05:30  INFO 57880 --- [project-backend] [tomcat-shutdown] o.s.boot.tomcat.GracefulShutdown         : Graceful shutdown complete
2026-03-14T00:39:51.691+05:30  INFO 57880 --- [project-backend] [SpringApplicationShutdownHook] j.LocalContainerEntityManagerFactoryBean : Closing JPA EntityManagerFactory for persistence unit 'default'
2026-03-14T00:39:51.743+05:30  INFO 57880 --- [project-backend] [SpringApplicationShutdownHook] com.zaxxer.hikari.HikariDataSource       : HikariPool-1 - Shutdown initiated...
2026-03-14T00:39:51.787+05:30  INFO 57880 --- [project-backend] [SpringApplicationShutdownHook] com.zaxxer.hikari.HikariDataSource       : HikariPool-1 - Shutdown completed.
2026-03-14T00:40:01.170+05:30  INFO 39292 --- [project-backend] [restartedMain] c.e.p.ProjectBackendApplication          : Starting ProjectBackendApplication using Java 19.0.1 with PID 39292 (C:\Users\akankshya pradhan\OneDrive\Desktop\project-backend\target\classes started by akankshya pradhan in C:\Users\akankshya pradhan\OneDrive\Desktop\project-backend)
2026-03-14T00:40:01.175+05:30 DEBUG 39292 --- [project-backend] [restartedMain] c.e.p.ProjectBackendApplication          : Running with Spring Boot v4.0.3, Spring v7.0.5
2026-03-14T00:40:01.176+05:30  INFO 39292 --- [project-backend] [restartedMain] c.e.p.ProjectBackendApplication          : No active profile set, falling back to 1 default profile: "default"
2026-03-14T00:40:01.267+05:30  INFO 39292 --- [project-backend] [restartedMain] .e.DevToolsPropertyDefaultsPostProcessor : Devtools property defaults active! Set 'spring.devtools.add-properties' to 'false' to disable
2026-03-14T00:40:01.267+05:30  INFO 39292 --- [project-backend] [restartedMain] .e.DevToolsPropertyDefaultsPostProcessor : For additional web related logging consider setting the 'logging.level.web' property to 'DEBUG'
2026-03-14T00:40:02.760+05:30  INFO 39292 --- [project-backend] [restartedMain] .s.d.r.c.RepositoryConfigurationDelegate : Bootstrapping Spring Data JPA repositories in DEFAULT mode.
2026-03-14T00:40:02.900+05:30  INFO 39292 --- [project-backend] [restartedMain] .s.d.r.c.RepositoryConfigurationDelegate : Finished Spring Data repository scanning in 124 ms. Found 6 JPA repository interfaces.
2026-03-14T00:40:04.093+05:30  INFO 39292 --- [project-backend] [restartedMain] o.s.boot.tomcat.TomcatWebServer          : Tomcat initialized with port 8080 (http)
2026-03-14T00:40:04.117+05:30  INFO 39292 --- [project-backend] [restartedMain] o.apache.catalina.core.StandardService   : Starting service [Tomcat]
2026-03-14T00:40:04.118+05:30  INFO 39292 --- [project-backend] [restartedMain] o.apache.catalina.core.StandardEngine    : Starting Servlet engine: [Apache Tomcat/11.0.18]
2026-03-14T00:40:04.228+05:30  INFO 39292 --- [project-backend] [restartedMain] b.w.c.s.WebApplicationContextInitializer : Root WebApplicationContext: initialization completed in 2960 ms
2026-03-14T00:40:04.344+05:30 DEBUG 39292 --- [project-backend] [restartedMain] c.e.project_backend.security.JwtFilter   : Filter 'jwtFilter' configured for use
2026-03-14T00:40:04.599+05:30  INFO 39292 --- [project-backend] [restartedMain] org.hibernate.orm.jpa                    : HHH008540: Processing PersistenceUnitInfo [name: default]
2026-03-14T00:40:04.719+05:30  INFO 39292 --- [project-backend] [restartedMain] org.hibernate.orm.core                   : HHH000001: Hibernate ORM core version 7.2.4.Final
2026-03-14T00:40:05.611+05:30  INFO 39292 --- [project-backend] [restartedMain] o.s.o.j.p.SpringPersistenceUnitInfo      : No LoadTimeWeaver setup: ignoring JPA class transformer
2026-03-14T00:40:05.673+05:30  INFO 39292 --- [project-backend] [restartedMain] com.zaxxer.hikari.HikariDataSource       : HikariPool-1 - Starting...
2026-03-14T00:40:06.246+05:30  INFO 39292 --- [project-backend] [restartedMain] com.zaxxer.hikari.pool.HikariPool        : HikariPool-1 - Added connection com.mysql.cj.jdbc.ConnectionImpl@76a2d75e
2026-03-14T00:40:06.249+05:30  INFO 39292 --- [project-backend] [restartedMain] com.zaxxer.hikari.HikariDataSource       : HikariPool-1 - Start completed.
2026-03-14T00:40:06.355+05:30  WARN 39292 --- [project-backend] [restartedMain] org.hibernate.orm.deprecation            : HHH90000025: MySQLDialect does not need to be specified explicitly using 'hibernate.dialect' (remove the property setting and it will be selected by default)
2026-03-14T00:40:06.393+05:30  INFO 39292 --- [project-backend] [restartedMain] org.hibernate.orm.connections.pooling    : HHH10001005: Database info:
	Database JDBC URL [jdbc:mysql://localhost:3306/ecommerce_db]
	Database driver: MySQL Connector/J
	Database dialect: MySQLDialect
	Database version: 8.0.45
	Default catalog/schema: ecommerce_db/undefined
	Autocommit mode: undefined/unknown
	Isolation level: REPEATABLE_READ [default REPEATABLE_READ]
	JDBC fetch size: none
	Pool: DataSourceConnectionProvider
	Minimum pool size: undefined/unknown
	Maximum pool size: undefined/unknown
2026-03-14T00:40:08.021+05:30  INFO 39292 --- [project-backend] [restartedMain] org.hibernate.orm.core                   : HHH000489: No JTA platform available (set 'hibernate.transaction.jta.platform' to enable JTA platform integration)
2026-03-14T00:40:08.181+05:30  INFO 39292 --- [project-backend] [restartedMain] j.LocalContainerEntityManagerFactoryBean : Initialized JPA EntityManagerFactory for persistence unit 'default'
2026-03-14T00:40:08.321+05:30  INFO 39292 --- [project-backend] [restartedMain] o.s.d.j.r.query.QueryEnhancerFactories   : Hibernate is in classpath; If applicable, HQL parser will be used.
2026-03-14T00:40:08.900+05:30  WARN 39292 --- [project-backend] [restartedMain] JpaBaseConfiguration$JpaWebConfiguration : spring.jpa.open-in-view is enabled by default. Therefore, database queries may be performed during view rendering. Explicitly configure spring.jpa.open-in-view to disable this warning
2026-03-14T00:40:09.021+05:30  INFO 39292 --- [project-backend] [restartedMain] r$InitializeUserDetailsManagerConfigurer : Global AuthenticationManager configured with UserDetailsService bean with name customUserDetailsService
2026-03-14T00:40:09.987+05:30  INFO 39292 --- [project-backend] [restartedMain] o.s.boot.tomcat.TomcatWebServer          : Tomcat started on port 8080 (http) with context path '/'
2026-03-14T00:40:09.998+05:30  INFO 39292 --- [project-backend] [restartedMain] c.e.p.ProjectBackendApplication          : Started ProjectBackendApplication in 9.641 seconds (process running for 10.673)
2026-03-14T00:40:10.004+05:30  WARN 39292 --- [project-backend] [restartedMain] o.s.core.events.SpringDocAppInitializer  : SpringDoc /v3/api-docs endpoint is enabled by default. To disable it in production, set the property 'springdoc.api-docs.enabled=false'
2026-03-14T00:40:10.004+05:30  WARN 39292 --- [project-backend] [restartedMain] o.s.core.events.SpringDocAppInitializer  : SpringDoc /swagger-ui.html endpoint is enabled by default. To disable it in production, set the property 'springdoc.swagger-ui.enabled=false'
2026-03-14T00:41:16.489+05:30  INFO 39292 --- [project-backend] [http-nio-8080-exec-1] o.a.c.c.C.[Tomcat].[localhost].[/]       : Initializing Spring DispatcherServlet 'dispatcherServlet'
2026-03-14T00:41:16.490+05:30  INFO 39292 --- [project-backend] [http-nio-8080-exec-1] o.s.web.servlet.DispatcherServlet        : Initializing Servlet 'dispatcherServlet'
2026-03-14T00:41:16.492+05:30  INFO 39292 --- [project-backend] [http-nio-8080-exec-1] o.s.web.servlet.DispatcherServlet        : Completed initialization in 2 ms
2026-03-14T00:41:17.769+05:30  INFO 39292 --- [project-backend] [http-nio-8080-exec-10] o.springdoc.api.AbstractOpenApiResource  : Init duration for springdoc-openapi is: 698 ms
2026-03-14T00:47:23.221+05:30  INFO 39292 --- [project-backend] [http-nio-8080-exec-6] c.e.p.service.UserServiceImpl            : Registering new user with email: jena@test.com
2026-03-14T00:47:24.263+05:30  INFO 39292 --- [project-backend] [http-nio-8080-exec-6] c.e.p.service.UserServiceImpl            : User registered successfully with ID: 7
2026-03-14T01:01:53.905+05:30  INFO 39292 --- [project-backend] [SpringApplicationShutdownHook] o.s.boot.tomcat.GracefulShutdown         : Commencing graceful shutdown. Waiting for active requests to complete
2026-03-14T01:01:54.417+05:30  INFO 39292 --- [project-backend] [tomcat-shutdown] o.s.boot.tomcat.GracefulShutdown         : Graceful shutdown complete
2026-03-14T01:01:54.529+05:30  INFO 39292 --- [project-backend] [SpringApplicationShutdownHook] j.LocalContainerEntityManagerFactoryBean : Closing JPA EntityManagerFactory for persistence unit 'default'
2026-03-14T01:01:54.680+05:30  INFO 39292 --- [project-backend] [SpringApplicationShutdownHook] com.zaxxer.hikari.HikariDataSource       : HikariPool-1 - Shutdown initiated...
2026-03-14T01:01:54.826+05:30  INFO 39292 --- [project-backend] [SpringApplicationShutdownHook] com.zaxxer.hikari.HikariDataSource       : HikariPool-1 - Shutdown completed.
2026-03-14T01:02:05.154+05:30  INFO 57016 --- [project-backend] [restartedMain] c.e.p.ProjectBackendApplication          : Starting ProjectBackendApplication using Java 19.0.1 with PID 57016 (C:\Users\akankshya pradhan\OneDrive\Desktop\project-backend\target\classes started by akankshya pradhan in C:\Users\akankshya pradhan\OneDrive\Desktop\project-backend)
2026-03-14T01:02:05.159+05:30 DEBUG 57016 --- [project-backend] [restartedMain] c.e.p.ProjectBackendApplication          : Running with Spring Boot v4.0.3, Spring v7.0.5
2026-03-14T01:02:05.161+05:30  INFO 57016 --- [project-backend] [restartedMain] c.e.p.ProjectBackendApplication          : No active profile set, falling back to 1 default profile: "default"
2026-03-14T01:02:05.254+05:30  INFO 57016 --- [project-backend] [restartedMain] .e.DevToolsPropertyDefaultsPostProcessor : Devtools property defaults active! Set 'spring.devtools.add-properties' to 'false' to disable
2026-03-14T01:02:05.255+05:30  INFO 57016 --- [project-backend] [restartedMain] .e.DevToolsPropertyDefaultsPostProcessor : For additional web related logging consider setting the 'logging.level.web' property to 'DEBUG'
2026-03-14T01:02:06.767+05:30  INFO 57016 --- [project-backend] [restartedMain] .s.d.r.c.RepositoryConfigurationDelegate : Bootstrapping Spring Data JPA repositories in DEFAULT mode.
2026-03-14T01:02:06.885+05:30  INFO 57016 --- [project-backend] [restartedMain] .s.d.r.c.RepositoryConfigurationDelegate : Finished Spring Data repository scanning in 104 ms. Found 6 JPA repository interfaces.
2026-03-14T01:02:08.001+05:30  INFO 57016 --- [project-backend] [restartedMain] o.s.boot.tomcat.TomcatWebServer          : Tomcat initialized with port 8080 (http)
2026-03-14T01:02:08.026+05:30  INFO 57016 --- [project-backend] [restartedMain] o.apache.catalina.core.StandardService   : Starting service [Tomcat]
2026-03-14T01:02:08.026+05:30  INFO 57016 --- [project-backend] [restartedMain] o.apache.catalina.core.StandardEngine    : Starting Servlet engine: [Apache Tomcat/11.0.18]
2026-03-14T01:02:08.130+05:30  INFO 57016 --- [project-backend] [restartedMain] b.w.c.s.WebApplicationContextInitializer : Root WebApplicationContext: initialization completed in 2874 ms
2026-03-14T01:02:08.249+05:30 DEBUG 57016 --- [project-backend] [restartedMain] c.e.project_backend.security.JwtFilter   : Filter 'jwtFilter' configured for use
2026-03-14T01:02:08.502+05:30  INFO 57016 --- [project-backend] [restartedMain] org.hibernate.orm.jpa                    : HHH008540: Processing PersistenceUnitInfo [name: default]
2026-03-14T01:02:08.622+05:30  INFO 57016 --- [project-backend] [restartedMain] org.hibernate.orm.core                   : HHH000001: Hibernate ORM core version 7.2.4.Final
2026-03-14T01:02:09.502+05:30  INFO 57016 --- [project-backend] [restartedMain] o.s.o.j.p.SpringPersistenceUnitInfo      : No LoadTimeWeaver setup: ignoring JPA class transformer
2026-03-14T01:02:09.565+05:30  INFO 57016 --- [project-backend] [restartedMain] com.zaxxer.hikari.HikariDataSource       : HikariPool-1 - Starting...
2026-03-14T01:02:10.125+05:30  INFO 57016 --- [project-backend] [restartedMain] com.zaxxer.hikari.pool.HikariPool        : HikariPool-1 - Added connection com.mysql.cj.jdbc.ConnectionImpl@3e23e3d5
2026-03-14T01:02:10.129+05:30  INFO 57016 --- [project-backend] [restartedMain] com.zaxxer.hikari.HikariDataSource       : HikariPool-1 - Start completed.
2026-03-14T01:02:10.233+05:30  WARN 57016 --- [project-backend] [restartedMain] org.hibernate.orm.deprecation            : HHH90000025: MySQLDialect does not need to be specified explicitly using 'hibernate.dialect' (remove the property setting and it will be selected by default)
2026-03-14T01:02:10.271+05:30  INFO 57016 --- [project-backend] [restartedMain] org.hibernate.orm.connections.pooling    : HHH10001005: Database info:
	Database JDBC URL [jdbc:mysql://localhost:3306/ecommerce_db]
	Database driver: MySQL Connector/J
	Database dialect: MySQLDialect
	Database version: 8.0.45
	Default catalog/schema: ecommerce_db/undefined
	Autocommit mode: undefined/unknown
	Isolation level: REPEATABLE_READ [default REPEATABLE_READ]
	JDBC fetch size: none
	Pool: DataSourceConnectionProvider
	Minimum pool size: undefined/unknown
	Maximum pool size: undefined/unknown
2026-03-14T01:02:11.897+05:30  INFO 57016 --- [project-backend] [restartedMain] org.hibernate.orm.core                   : HHH000489: No JTA platform available (set 'hibernate.transaction.jta.platform' to enable JTA platform integration)
2026-03-14T01:02:12.078+05:30  INFO 57016 --- [project-backend] [restartedMain] j.LocalContainerEntityManagerFactoryBean : Initialized JPA EntityManagerFactory for persistence unit 'default'
2026-03-14T01:02:12.202+05:30  INFO 57016 --- [project-backend] [restartedMain] o.s.d.j.r.query.QueryEnhancerFactories   : Hibernate is in classpath; If applicable, HQL parser will be used.
2026-03-14T01:02:12.790+05:30  WARN 57016 --- [project-backend] [restartedMain] JpaBaseConfiguration$JpaWebConfiguration : spring.jpa.open-in-view is enabled by default. Therefore, database queries may be performed during view rendering. Explicitly configure spring.jpa.open-in-view to disable this warning
2026-03-14T01:02:12.916+05:30  INFO 57016 --- [project-backend] [restartedMain] r$InitializeUserDetailsManagerConfigurer : Global AuthenticationManager configured with UserDetailsService bean with name customUserDetailsService
2026-03-14T01:02:13.849+05:30  INFO 57016 --- [project-backend] [restartedMain] o.s.boot.tomcat.TomcatWebServer          : Tomcat started on port 8080 (http) with context path '/'
2026-03-14T01:02:13.863+05:30  INFO 57016 --- [project-backend] [restartedMain] c.e.p.ProjectBackendApplication          : Started ProjectBackendApplication in 9.515 seconds (process running for 10.517)
2026-03-14T01:02:13.868+05:30  WARN 57016 --- [project-backend] [restartedMain] o.s.core.events.SpringDocAppInitializer  : SpringDoc /v3/api-docs endpoint is enabled by default. To disable it in production, set the property 'springdoc.api-docs.enabled=false'
2026-03-14T01:02:13.868+05:30  WARN 57016 --- [project-backend] [restartedMain] o.s.core.events.SpringDocAppInitializer  : SpringDoc /swagger-ui.html endpoint is enabled by default. To disable it in production, set the property 'springdoc.swagger-ui.enabled=false'
2026-03-14T01:06:06.198+05:30  INFO 57016 --- [project-backend] [http-nio-8080-exec-1] o.a.c.c.C.[Tomcat].[localhost].[/]       : Initializing Spring DispatcherServlet 'dispatcherServlet'
2026-03-14T01:06:06.198+05:30  INFO 57016 --- [project-backend] [http-nio-8080-exec-1] o.s.web.servlet.DispatcherServlet        : Initializing Servlet 'dispatcherServlet'
2026-03-14T01:06:06.201+05:30  INFO 57016 --- [project-backend] [http-nio-8080-exec-1] o.s.web.servlet.DispatcherServlet        : Completed initialization in 2 ms
2026-03-14T01:06:07.616+05:30  INFO 57016 --- [project-backend] [http-nio-8080-exec-7] o.springdoc.api.AbstractOpenApiResource  : Init duration for springdoc-openapi is: 793 ms
2026-03-14T01:23:23.837+05:30  INFO 57016 --- [project-backend] [SpringApplicationShutdownHook] o.s.boot.tomcat.GracefulShutdown         : Commencing graceful shutdown. Waiting for active requests to complete
2026-03-14T01:23:24.254+05:30  INFO 57016 --- [project-backend] [tomcat-shutdown] o.s.boot.tomcat.GracefulShutdown         : Graceful shutdown complete
2026-03-14T01:23:24.346+05:30  INFO 57016 --- [project-backend] [SpringApplicationShutdownHook] j.LocalContainerEntityManagerFactoryBean : Closing JPA EntityManagerFactory for persistence unit 'default'
2026-03-14T01:23:24.490+05:30  INFO 57016 --- [project-backend] [SpringApplicationShutdownHook] com.zaxxer.hikari.HikariDataSource       : HikariPool-1 - Shutdown initiated...
2026-03-14T01:23:24.597+05:30  INFO 57016 --- [project-backend] [SpringApplicationShutdownHook] com.zaxxer.hikari.HikariDataSource       : HikariPool-1 - Shutdown completed.
2026-03-14T01:23:34.911+05:30  INFO 9612 --- [project-backend] [restartedMain] c.e.p.ProjectBackendApplication          : Starting ProjectBackendApplication using Java 19.0.1 with PID 9612 (C:\Users\akankshya pradhan\OneDrive\Desktop\project-backend\target\classes started by akankshya pradhan in C:\Users\akankshya pradhan\OneDrive\Desktop\project-backend)
2026-03-14T01:23:34.916+05:30 DEBUG 9612 --- [project-backend] [restartedMain] c.e.p.ProjectBackendApplication          : Running with Spring Boot v4.0.3, Spring v7.0.5
2026-03-14T01:23:34.918+05:30  INFO 9612 --- [project-backend] [restartedMain] c.e.p.ProjectBackendApplication          : No active profile set, falling back to 1 default profile: "default"
2026-03-14T01:23:35.001+05:30  INFO 9612 --- [project-backend] [restartedMain] .e.DevToolsPropertyDefaultsPostProcessor : Devtools property defaults active! Set 'spring.devtools.add-properties' to 'false' to disable
2026-03-14T01:23:35.002+05:30  INFO 9612 --- [project-backend] [restartedMain] .e.DevToolsPropertyDefaultsPostProcessor : For additional web related logging consider setting the 'logging.level.web' property to 'DEBUG'
2026-03-14T01:23:36.598+05:30  INFO 9612 --- [project-backend] [restartedMain] .s.d.r.c.RepositoryConfigurationDelegate : Bootstrapping Spring Data JPA repositories in DEFAULT mode.
2026-03-14T01:23:36.735+05:30  INFO 9612 --- [project-backend] [restartedMain] .s.d.r.c.RepositoryConfigurationDelegate : Finished Spring Data repository scanning in 119 ms. Found 6 JPA repository interfaces.
2026-03-14T01:23:38.003+05:30  INFO 9612 --- [project-backend] [restartedMain] o.s.boot.tomcat.TomcatWebServer          : Tomcat initialized with port 8080 (http)
2026-03-14T01:23:38.028+05:30  INFO 9612 --- [project-backend] [restartedMain] o.apache.catalina.core.StandardService   : Starting service [Tomcat]
2026-03-14T01:23:38.029+05:30  INFO 9612 --- [project-backend] [restartedMain] o.apache.catalina.core.StandardEngine    : Starting Servlet engine: [Apache Tomcat/11.0.18]
2026-03-14T01:23:38.153+05:30  INFO 9612 --- [project-backend] [restartedMain] b.w.c.s.WebApplicationContextInitializer : Root WebApplicationContext: initialization completed in 3150 ms
2026-03-14T01:23:38.280+05:30 DEBUG 9612 --- [project-backend] [restartedMain] c.e.project_backend.security.JwtFilter   : Filter 'jwtFilter' configured for use
2026-03-14T01:23:38.532+05:30  INFO 9612 --- [project-backend] [restartedMain] org.hibernate.orm.jpa                    : HHH008540: Processing PersistenceUnitInfo [name: default]
2026-03-14T01:23:38.661+05:30  INFO 9612 --- [project-backend] [restartedMain] org.hibernate.orm.core                   : HHH000001: Hibernate ORM core version 7.2.4.Final
2026-03-14T01:23:39.593+05:30  INFO 9612 --- [project-backend] [restartedMain] o.s.o.j.p.SpringPersistenceUnitInfo      : No LoadTimeWeaver setup: ignoring JPA class transformer
2026-03-14T01:23:39.656+05:30  INFO 9612 --- [project-backend] [restartedMain] com.zaxxer.hikari.HikariDataSource       : HikariPool-1 - Starting...
2026-03-14T01:23:40.261+05:30  INFO 9612 --- [project-backend] [restartedMain] com.zaxxer.hikari.pool.HikariPool        : HikariPool-1 - Added connection com.mysql.cj.jdbc.ConnectionImpl@165bfb97
2026-03-14T01:23:40.264+05:30  INFO 9612 --- [project-backend] [restartedMain] com.zaxxer.hikari.HikariDataSource       : HikariPool-1 - Start completed.
2026-03-14T01:23:40.371+05:30  WARN 9612 --- [project-backend] [restartedMain] org.hibernate.orm.deprecation            : HHH90000025: MySQLDialect does not need to be specified explicitly using 'hibernate.dialect' (remove the property setting and it will be selected by default)
2026-03-14T01:23:40.407+05:30  INFO 9612 --- [project-backend] [restartedMain] org.hibernate.orm.connections.pooling    : HHH10001005: Database info:
	Database JDBC URL [jdbc:mysql://localhost:3306/ecommerce_db]
	Database driver: MySQL Connector/J
	Database dialect: MySQLDialect
	Database version: 8.0.45
	Default catalog/schema: ecommerce_db/undefined
	Autocommit mode: undefined/unknown
	Isolation level: REPEATABLE_READ [default REPEATABLE_READ]
	JDBC fetch size: none
	Pool: DataSourceConnectionProvider
	Minimum pool size: undefined/unknown
	Maximum pool size: undefined/unknown
2026-03-14T01:23:42.029+05:30  INFO 9612 --- [project-backend] [restartedMain] org.hibernate.orm.core                   : HHH000489: No JTA platform available (set 'hibernate.transaction.jta.platform' to enable JTA platform integration)
2026-03-14T01:23:42.195+05:30  INFO 9612 --- [project-backend] [restartedMain] j.LocalContainerEntityManagerFactoryBean : Initialized JPA EntityManagerFactory for persistence unit 'default'
2026-03-14T01:23:42.323+05:30  INFO 9612 --- [project-backend] [restartedMain] o.s.d.j.r.query.QueryEnhancerFactories   : Hibernate is in classpath; If applicable, HQL parser will be used.
2026-03-14T01:23:42.895+05:30  WARN 9612 --- [project-backend] [restartedMain] JpaBaseConfiguration$JpaWebConfiguration : spring.jpa.open-in-view is enabled by default. Therefore, database queries may be performed during view rendering. Explicitly configure spring.jpa.open-in-view to disable this warning
2026-03-14T01:23:43.028+05:30  INFO 9612 --- [project-backend] [restartedMain] r$InitializeUserDetailsManagerConfigurer : Global AuthenticationManager configured with UserDetailsService bean with name customUserDetailsService
2026-03-14T01:23:44.047+05:30  INFO 9612 --- [project-backend] [restartedMain] o.s.boot.tomcat.TomcatWebServer          : Tomcat started on port 8080 (http) with context path '/'
2026-03-14T01:23:44.060+05:30  INFO 9612 --- [project-backend] [restartedMain] c.e.p.ProjectBackendApplication          : Started ProjectBackendApplication in 9.97 seconds (process running for 11.002)
2026-03-14T01:23:44.065+05:30  WARN 9612 --- [project-backend] [restartedMain] o.s.core.events.SpringDocAppInitializer  : SpringDoc /v3/api-docs endpoint is enabled by default. To disable it in production, set the property 'springdoc.api-docs.enabled=false'
2026-03-14T01:23:44.066+05:30  WARN 9612 --- [project-backend] [restartedMain] o.s.core.events.SpringDocAppInitializer  : SpringDoc /swagger-ui.html endpoint is enabled by default. To disable it in production, set the property 'springdoc.swagger-ui.enabled=false'
2026-03-14T01:23:51.973+05:30  INFO 9612 --- [project-backend] [http-nio-8080-exec-1] o.a.c.c.C.[Tomcat].[localhost].[/]       : Initializing Spring DispatcherServlet 'dispatcherServlet'
2026-03-14T01:23:51.973+05:30  INFO 9612 --- [project-backend] [http-nio-8080-exec-1] o.s.web.servlet.DispatcherServlet        : Initializing Servlet 'dispatcherServlet'
2026-03-14T01:23:51.976+05:30  INFO 9612 --- [project-backend] [http-nio-8080-exec-1] o.s.web.servlet.DispatcherServlet        : Completed initialization in 2 ms
2026-03-14T01:23:53.337+05:30  INFO 9612 --- [project-backend] [http-nio-8080-exec-7] o.springdoc.api.AbstractOpenApiResource  : Init duration for springdoc-openapi is: 779 ms
2026-03-14T01:36:04.045+05:30  INFO 9612 --- [project-backend] [SpringApplicationShutdownHook] o.s.boot.tomcat.GracefulShutdown         : Commencing graceful shutdown. Waiting for active requests to complete
2026-03-14T01:36:04.373+05:30  INFO 9612 --- [project-backend] [tomcat-shutdown] o.s.boot.tomcat.GracefulShutdown         : Graceful shutdown complete
2026-03-14T01:36:04.404+05:30  INFO 9612 --- [project-backend] [SpringApplicationShutdownHook] j.LocalContainerEntityManagerFactoryBean : Closing JPA EntityManagerFactory for persistence unit 'default'
2026-03-14T01:36:04.454+05:30  INFO 9612 --- [project-backend] [SpringApplicationShutdownHook] com.zaxxer.hikari.HikariDataSource       : HikariPool-1 - Shutdown initiated...
2026-03-14T01:36:04.496+05:30  INFO 9612 --- [project-backend] [SpringApplicationShutdownHook] com.zaxxer.hikari.HikariDataSource       : HikariPool-1 - Shutdown completed.
2026-03-14T01:36:14.958+05:30  INFO 41164 --- [project-backend] [restartedMain] c.e.p.ProjectBackendApplication          : Starting ProjectBackendApplication using Java 19.0.1 with PID 41164 (C:\Users\akankshya pradhan\OneDrive\Desktop\project-backend\target\classes started by akankshya pradhan in C:\Users\akankshya pradhan\OneDrive\Desktop\project-backend)
2026-03-14T01:36:14.963+05:30 DEBUG 41164 --- [project-backend] [restartedMain] c.e.p.ProjectBackendApplication          : Running with Spring Boot v4.0.3, Spring v7.0.5
2026-03-14T01:36:14.964+05:30  INFO 41164 --- [project-backend] [restartedMain] c.e.p.ProjectBackendApplication          : No active profile set, falling back to 1 default profile: "default"
2026-03-14T01:36:15.050+05:30  INFO 41164 --- [project-backend] [restartedMain] .e.DevToolsPropertyDefaultsPostProcessor : Devtools property defaults active! Set 'spring.devtools.add-properties' to 'false' to disable
2026-03-14T01:36:15.051+05:30  INFO 41164 --- [project-backend] [restartedMain] .e.DevToolsPropertyDefaultsPostProcessor : For additional web related logging consider setting the 'logging.level.web' property to 'DEBUG'
2026-03-14T01:36:16.540+05:30  INFO 41164 --- [project-backend] [restartedMain] .s.d.r.c.RepositoryConfigurationDelegate : Bootstrapping Spring Data JPA repositories in DEFAULT mode.
2026-03-14T01:36:16.653+05:30  INFO 41164 --- [project-backend] [restartedMain] .s.d.r.c.RepositoryConfigurationDelegate : Finished Spring Data repository scanning in 98 ms. Found 6 JPA repository interfaces.
2026-03-14T01:36:17.740+05:30  INFO 41164 --- [project-backend] [restartedMain] o.s.boot.tomcat.TomcatWebServer          : Tomcat initialized with port 8080 (http)
2026-03-14T01:36:17.764+05:30  INFO 41164 --- [project-backend] [restartedMain] o.apache.catalina.core.StandardService   : Starting service [Tomcat]
2026-03-14T01:36:17.765+05:30  INFO 41164 --- [project-backend] [restartedMain] o.apache.catalina.core.StandardEngine    : Starting Servlet engine: [Apache Tomcat/11.0.18]
2026-03-14T01:36:17.873+05:30  INFO 41164 --- [project-backend] [restartedMain] b.w.c.s.WebApplicationContextInitializer : Root WebApplicationContext: initialization completed in 2821 ms
2026-03-14T01:36:18.001+05:30 DEBUG 41164 --- [project-backend] [restartedMain] c.e.project_backend.security.JwtFilter   : Filter 'jwtFilter' configured for use
2026-03-14T01:36:18.245+05:30  INFO 41164 --- [project-backend] [restartedMain] org.hibernate.orm.jpa                    : HHH008540: Processing PersistenceUnitInfo [name: default]
2026-03-14T01:36:18.365+05:30  INFO 41164 --- [project-backend] [restartedMain] org.hibernate.orm.core                   : HHH000001: Hibernate ORM core version 7.2.4.Final
2026-03-14T01:36:19.226+05:30  INFO 41164 --- [project-backend] [restartedMain] o.s.o.j.p.SpringPersistenceUnitInfo      : No LoadTimeWeaver setup: ignoring JPA class transformer
2026-03-14T01:36:19.286+05:30  INFO 41164 --- [project-backend] [restartedMain] com.zaxxer.hikari.HikariDataSource       : HikariPool-1 - Starting...
2026-03-14T01:36:19.844+05:30  INFO 41164 --- [project-backend] [restartedMain] com.zaxxer.hikari.pool.HikariPool        : HikariPool-1 - Added connection com.mysql.cj.jdbc.ConnectionImpl@1b0129aa
2026-03-14T01:36:19.847+05:30  INFO 41164 --- [project-backend] [restartedMain] com.zaxxer.hikari.HikariDataSource       : HikariPool-1 - Start completed.
2026-03-14T01:36:19.957+05:30  WARN 41164 --- [project-backend] [restartedMain] org.hibernate.orm.deprecation            : HHH90000025: MySQLDialect does not need to be specified explicitly using 'hibernate.dialect' (remove the property setting and it will be selected by default)
2026-03-14T01:36:19.993+05:30  INFO 41164 --- [project-backend] [restartedMain] org.hibernate.orm.connections.pooling    : HHH10001005: Database info:
	Database JDBC URL [jdbc:mysql://localhost:3306/ecommerce_db]
	Database driver: MySQL Connector/J
	Database dialect: MySQLDialect
	Database version: 8.0.45
	Default catalog/schema: ecommerce_db/undefined
	Autocommit mode: undefined/unknown
	Isolation level: REPEATABLE_READ [default REPEATABLE_READ]
	JDBC fetch size: none
	Pool: DataSourceConnectionProvider
	Minimum pool size: undefined/unknown
	Maximum pool size: undefined/unknown
2026-03-14T01:36:21.630+05:30  INFO 41164 --- [project-backend] [restartedMain] org.hibernate.orm.core                   : HHH000489: No JTA platform available (set 'hibernate.transaction.jta.platform' to enable JTA platform integration)
2026-03-14T01:36:21.789+05:30  INFO 41164 --- [project-backend] [restartedMain] j.LocalContainerEntityManagerFactoryBean : Initialized JPA EntityManagerFactory for persistence unit 'default'
2026-03-14T01:36:21.913+05:30  INFO 41164 --- [project-backend] [restartedMain] o.s.d.j.r.query.QueryEnhancerFactories   : Hibernate is in classpath; If applicable, HQL parser will be used.
2026-03-14T01:36:22.468+05:30  WARN 41164 --- [project-backend] [restartedMain] JpaBaseConfiguration$JpaWebConfiguration : spring.jpa.open-in-view is enabled by default. Therefore, database queries may be performed during view rendering. Explicitly configure spring.jpa.open-in-view to disable this warning
2026-03-14T01:36:22.603+05:30  INFO 41164 --- [project-backend] [restartedMain] r$InitializeUserDetailsManagerConfigurer : Global AuthenticationManager configured with UserDetailsService bean with name customUserDetailsService
2026-03-14T01:36:23.609+05:30  INFO 41164 --- [project-backend] [restartedMain] o.s.boot.tomcat.TomcatWebServer          : Tomcat started on port 8080 (http) with context path '/'
2026-03-14T01:36:23.621+05:30  INFO 41164 --- [project-backend] [restartedMain] c.e.p.ProjectBackendApplication          : Started ProjectBackendApplication in 9.47 seconds (process running for 10.489)
2026-03-14T01:36:23.627+05:30  WARN 41164 --- [project-backend] [restartedMain] o.s.core.events.SpringDocAppInitializer  : SpringDoc /v3/api-docs endpoint is enabled by default. To disable it in production, set the property 'springdoc.api-docs.enabled=false'
2026-03-14T01:36:23.627+05:30  WARN 41164 --- [project-backend] [restartedMain] o.s.core.events.SpringDocAppInitializer  : SpringDoc /swagger-ui.html endpoint is enabled by default. To disable it in production, set the property 'springdoc.swagger-ui.enabled=false'
2026-03-14T01:36:40.211+05:30  INFO 41164 --- [project-backend] [http-nio-8080-exec-1] o.a.c.c.C.[Tomcat].[localhost].[/]       : Initializing Spring DispatcherServlet 'dispatcherServlet'
2026-03-14T01:36:40.211+05:30  INFO 41164 --- [project-backend] [http-nio-8080-exec-1] o.s.web.servlet.DispatcherServlet        : Initializing Servlet 'dispatcherServlet'
2026-03-14T01:36:40.214+05:30  INFO 41164 --- [project-backend] [http-nio-8080-exec-1] o.s.web.servlet.DispatcherServlet        : Completed initialization in 1 ms
2026-03-14T01:36:41.668+05:30  INFO 41164 --- [project-backend] [http-nio-8080-exec-7] o.springdoc.api.AbstractOpenApiResource  : Init duration for springdoc-openapi is: 789 ms
2026-03-14T01:54:18.950+05:30  INFO 41164 --- [project-backend] [File Watcher] rtingClassPathChangeChangedEventListener : Restarting due to 53 class path changes (0 additions, 52 deletions, 1 modification)
2026-03-14T01:54:19.220+05:30  INFO 41164 --- [project-backend] [Thread-1] o.s.boot.tomcat.GracefulShutdown         : Commencing graceful shutdown. Waiting for active requests to complete
2026-03-14T01:54:19.593+05:30  INFO 41164 --- [project-backend] [tomcat-shutdown] o.s.boot.tomcat.GracefulShutdown         : Graceful shutdown complete
2026-03-14T01:54:19.640+05:30  INFO 41164 --- [project-backend] [Thread-1] j.LocalContainerEntityManagerFactoryBean : Closing JPA EntityManagerFactory for persistence unit 'default'
2026-03-14T01:54:19.757+05:30  INFO 41164 --- [project-backend] [Thread-1] com.zaxxer.hikari.HikariDataSource       : HikariPool-1 - Shutdown initiated...
2026-03-14T01:54:19.849+05:30  INFO 41164 --- [project-backend] [Thread-1] com.zaxxer.hikari.HikariDataSource       : HikariPool-1 - Shutdown completed.
2026-03-14T01:54:20.503+05:30  INFO 41164 --- [project-backend] [restartedMain] c.e.p.ProjectBackendApplication          : Starting ProjectBackendApplication using Java 19.0.1 with PID 41164 (C:\Users\akankshya pradhan\OneDrive\Desktop\project-backend\target\classes started by akankshya pradhan in C:\Users\akankshya pradhan\OneDrive\Desktop\project-backend)
2026-03-14T01:54:20.504+05:30 DEBUG 41164 --- [project-backend] [restartedMain] c.e.p.ProjectBackendApplication          : Running with Spring Boot v4.0.3, Spring v7.0.5
2026-03-14T01:54:20.505+05:30  INFO 41164 --- [project-backend] [restartedMain] c.e.p.ProjectBackendApplication          : No active profile set, falling back to 1 default profile: "default"
2026-03-14T01:54:21.025+05:30  INFO 41164 --- [project-backend] [restartedMain] .s.d.r.c.RepositoryConfigurationDelegate : Bootstrapping Spring Data JPA repositories in DEFAULT mode.
2026-03-14T01:54:21.031+05:30  INFO 41164 --- [project-backend] [restartedMain] .s.d.r.c.RepositoryConfigurationDelegate : Finished Spring Data repository scanning in 1 ms. Found 0 JPA repository interfaces.
2026-03-14T01:54:21.213+05:30  INFO 41164 --- [project-backend] [restartedMain] o.s.boot.tomcat.TomcatWebServer          : Tomcat initialized with port 8080 (http)
2026-03-14T01:54:21.214+05:30  INFO 41164 --- [project-backend] [restartedMain] o.apache.catalina.core.StandardService   : Starting service [Tomcat]
2026-03-14T01:54:21.215+05:30  INFO 41164 --- [project-backend] [restartedMain] o.apache.catalina.core.StandardEngine    : Starting Servlet engine: [Apache Tomcat/11.0.18]
2026-03-14T01:54:21.290+05:30  INFO 41164 --- [project-backend] [restartedMain] b.w.c.s.WebApplicationContextInitializer : Root WebApplicationContext: initialization completed in 780 ms
2026-03-14T01:54:21.338+05:30  INFO 41164 --- [project-backend] [restartedMain] org.hibernate.orm.jpa                    : HHH008540: Processing PersistenceUnitInfo [name: default]
2026-03-14T01:54:21.409+05:30  INFO 41164 --- [project-backend] [restartedMain] o.s.o.j.p.SpringPersistenceUnitInfo      : No LoadTimeWeaver setup: ignoring JPA class transformer
2026-03-14T01:54:21.411+05:30  INFO 41164 --- [project-backend] [restartedMain] com.zaxxer.hikari.HikariDataSource       : HikariPool-2 - Starting...
2026-03-14T01:54:21.527+05:30  INFO 41164 --- [project-backend] [restartedMain] com.zaxxer.hikari.pool.HikariPool        : HikariPool-2 - Added connection com.mysql.cj.jdbc.ConnectionImpl@42b083e8
2026-03-14T01:54:21.527+05:30  INFO 41164 --- [project-backend] [restartedMain] com.zaxxer.hikari.HikariDataSource       : HikariPool-2 - Start completed.
2026-03-14T01:54:21.531+05:30  WARN 41164 --- [project-backend] [restartedMain] org.hibernate.orm.deprecation            : HHH90000025: MySQLDialect does not need to be specified explicitly using 'hibernate.dialect' (remove the property setting and it will be selected by default)
2026-03-14T01:54:21.533+05:30  INFO 41164 --- [project-backend] [restartedMain] org.hibernate.orm.connections.pooling    : HHH10001005: Database info:
	Database JDBC URL [jdbc:mysql://localhost:3306/ecommerce_db]
	Database driver: MySQL Connector/J
	Database dialect: MySQLDialect
	Database version: 8.0.45
	Default catalog/schema: ecommerce_db/undefined
	Autocommit mode: undefined/unknown
	Isolation level: REPEATABLE_READ [default REPEATABLE_READ]
	JDBC fetch size: none
	Pool: DataSourceConnectionProvider
	Minimum pool size: undefined/unknown
	Maximum pool size: undefined/unknown
2026-03-14T01:54:21.570+05:30  INFO 41164 --- [project-backend] [restartedMain] org.hibernate.orm.core                   : HHH000489: No JTA platform available (set 'hibernate.transaction.jta.platform' to enable JTA platform integration)
2026-03-14T01:54:21.572+05:30  INFO 41164 --- [project-backend] [restartedMain] j.LocalContainerEntityManagerFactoryBean : Initialized JPA EntityManagerFactory for persistence unit 'default'
2026-03-14T01:54:21.628+05:30  WARN 41164 --- [project-backend] [restartedMain] JpaBaseConfiguration$JpaWebConfiguration : spring.jpa.open-in-view is enabled by default. Therefore, database queries may be performed during view rendering. Explicitly configure spring.jpa.open-in-view to disable this warning
2026-03-14T01:54:21.760+05:30  WARN 41164 --- [project-backend] [restartedMain] .s.a.UserDetailsServiceAutoConfiguration : 

Using generated security password: 5ed0f54e-2e00-4d7b-ba36-73e9e75563b6

This generated password is for development use only. Your security configuration must be updated before running your application in production.

2026-03-14T01:54:21.778+05:30  INFO 41164 --- [project-backend] [restartedMain] r$InitializeUserDetailsManagerConfigurer : Global AuthenticationManager configured with UserDetailsService bean with name inMemoryUserDetailsManager
2026-03-14T01:54:21.911+05:30  INFO 41164 --- [project-backend] [restartedMain] o.s.boot.tomcat.TomcatWebServer          : Tomcat started on port 8080 (http) with context path '/'
2026-03-14T01:54:21.917+05:30  INFO 41164 --- [project-backend] [restartedMain] c.e.p.ProjectBackendApplication          : Started ProjectBackendApplication in 1.5 seconds (process running for 1088.785)
2026-03-14T01:54:21.918+05:30  WARN 41164 --- [project-backend] [restartedMain] o.s.core.events.SpringDocAppInitializer  : SpringDoc /v3/api-docs endpoint is enabled by default. To disable it in production, set the property 'springdoc.api-docs.enabled=false'
2026-03-14T01:54:21.918+05:30  WARN 41164 --- [project-backend] [restartedMain] o.s.core.events.SpringDocAppInitializer  : SpringDoc /swagger-ui.html endpoint is enabled by default. To disable it in production, set the property 'springdoc.swagger-ui.enabled=false'
2026-03-14T01:54:21.926+05:30  INFO 41164 --- [project-backend] [restartedMain] .ConditionEvaluationDeltaLoggingListener : Condition evaluation delta:


==========================
CONDITION EVALUATION DELTA
==========================


Positive matches:
-----------------

   ServletWebSecurityAutoConfiguration.SecurityFilterChainConfiguration matched:
      - AllNestedConditions 2 matched 0 did not; NestedCondition on DefaultWebSecurityCondition.Beans @ConditionalOnMissingBean (types: org.springframework.security.web.SecurityFilterChain; SearchStrategy: all) did not find any beans; NestedCondition on DefaultWebSecurityCondition.Classes @ConditionalOnClass found required classes 'org.springframework.security.web.SecurityFilterChain', 'org.springframework.security.config.annotation.web.builders.HttpSecurity' (DefaultWebSecurityCondition)

   UserDetailsServiceAutoConfiguration matched:
      - @ConditionalOnClass found required class 'org.springframework.security.authentication.AuthenticationManager' (OnClassCondition)
      - found 'session' scope (OnWebApplicationCondition)
      - AnyNestedCondition 1 matched 2 did not; NestedCondition on MissingAlternativeUserDetailsManagerOrUserPropertiesConfigured.PasswordConfigured @ConditionalOnProperty (spring.security.user.password) did not find property 'spring.security.user.password'; NestedCondition on MissingAlternativeUserDetailsManagerOrUserPropertiesConfigured.NameConfigured @ConditionalOnProperty (spring.security.user.name) did not find property 'spring.security.user.name'; NestedCondition on MissingAlternativeUserDetailsManagerOrUserPropertiesConfigured.MissingAlternative @ConditionalOnMissingClass did not find unwanted classes 'org.springframework.security.oauth2.client.registration.ClientRegistrationRepository', 'org.springframework.security.oauth2.server.resource.introspection.OpaqueTokenIntrospector', 'org.springframework.security.saml2.provider.service.registration.RelyingPartyRegistrationRepository' (MissingAlternativeUserDetailsManagerOrUserPropertiesConfigured)
      - @ConditionalOnMissingBean (types: org.springframework.security.authentication.AuthenticationManager,org.springframework.security.authentication.AuthenticationProvider,org.springframework.security.core.userdetails.UserDetailsService,org.springframework.security.authentication.AuthenticationManagerResolver,org.springframework.security.oauth2.jwt.JwtDecoder; SearchStrategy: all) did not find any beans (OnBeanCondition)


Negative matches:
-----------------

    None


Exclusions:
-----------

    None


Unconditional classes:
----------------------

    None



2026-03-14T01:54:24.082+05:30  INFO 41164 --- [project-backend] [File Watcher] rtingClassPathChangeChangedEventListener : Restarting due to 52 class path changes (52 additions, 0 deletions, 0 modifications)
2026-03-14T01:54:24.084+05:30  INFO 41164 --- [project-backend] [Thread-5] o.s.boot.tomcat.GracefulShutdown         : Commencing graceful shutdown. Waiting for active requests to complete
2026-03-14T01:54:24.407+05:30  INFO 41164 --- [project-backend] [tomcat-shutdown] o.s.boot.tomcat.GracefulShutdown         : Graceful shutdown complete
2026-03-14T01:54:24.412+05:30  INFO 41164 --- [project-backend] [Thread-5] j.LocalContainerEntityManagerFactoryBean : Closing JPA EntityManagerFactory for persistence unit 'default'
2026-03-14T01:54:24.413+05:30  INFO 41164 --- [project-backend] [Thread-5] com.zaxxer.hikari.HikariDataSource       : HikariPool-2 - Shutdown initiated...
2026-03-14T01:54:24.421+05:30  INFO 41164 --- [project-backend] [Thread-5] com.zaxxer.hikari.HikariDataSource       : HikariPool-2 - Shutdown completed.
2026-03-14T01:54:24.549+05:30  INFO 41164 --- [project-backend] [restartedMain] c.e.p.ProjectBackendApplication          : Starting ProjectBackendApplication using Java 19.0.1 with PID 41164 (C:\Users\akankshya pradhan\OneDrive\Desktop\project-backend\target\classes started by akankshya pradhan in C:\Users\akankshya pradhan\OneDrive\Desktop\project-backend)
2026-03-14T01:54:24.550+05:30 DEBUG 41164 --- [project-backend] [restartedMain] c.e.p.ProjectBackendApplication          : Running with Spring Boot v4.0.3, Spring v7.0.5
2026-03-14T01:54:24.550+05:30  INFO 41164 --- [project-backend] [restartedMain] c.e.p.ProjectBackendApplication          : No active profile set, falling back to 1 default profile: "default"
2026-03-14T01:54:25.012+05:30  INFO 41164 --- [project-backend] [restartedMain] .s.d.r.c.RepositoryConfigurationDelegate : Bootstrapping Spring Data JPA repositories in DEFAULT mode.
2026-03-14T01:54:25.055+05:30  INFO 41164 --- [project-backend] [restartedMain] .s.d.r.c.RepositoryConfigurationDelegate : Finished Spring Data repository scanning in 40 ms. Found 6 JPA repository interfaces.
2026-03-14T01:54:25.227+05:30  INFO 41164 --- [project-backend] [restartedMain] o.s.boot.tomcat.TomcatWebServer          : Tomcat initialized with port 8080 (http)
2026-03-14T01:54:25.228+05:30  INFO 41164 --- [project-backend] [restartedMain] o.apache.catalina.core.StandardService   : Starting service [Tomcat]
2026-03-14T01:54:25.228+05:30  INFO 41164 --- [project-backend] [restartedMain] o.apache.catalina.core.StandardEngine    : Starting Servlet engine: [Apache Tomcat/11.0.18]
2026-03-14T01:54:25.296+05:30  INFO 41164 --- [project-backend] [restartedMain] b.w.c.s.WebApplicationContextInitializer : Root WebApplicationContext: initialization completed in 744 ms
2026-03-14T01:54:25.313+05:30 DEBUG 41164 --- [project-backend] [restartedMain] c.e.project_backend.security.JwtFilter   : Filter 'jwtFilter' configured for use
2026-03-14T01:54:25.349+05:30  INFO 41164 --- [project-backend] [restartedMain] org.hibernate.orm.jpa                    : HHH008540: Processing PersistenceUnitInfo [name: default]
2026-03-14T01:54:25.420+05:30  INFO 41164 --- [project-backend] [restartedMain] o.s.o.j.p.SpringPersistenceUnitInfo      : No LoadTimeWeaver setup: ignoring JPA class transformer
2026-03-14T01:54:25.422+05:30  INFO 41164 --- [project-backend] [restartedMain] com.zaxxer.hikari.HikariDataSource       : HikariPool-3 - Starting...
2026-03-14T01:54:25.444+05:30  INFO 41164 --- [project-backend] [restartedMain] com.zaxxer.hikari.pool.HikariPool        : HikariPool-3 - Added connection com.mysql.cj.jdbc.ConnectionImpl@3d9f702b
2026-03-14T01:54:25.444+05:30  INFO 41164 --- [project-backend] [restartedMain] com.zaxxer.hikari.HikariDataSource       : HikariPool-3 - Start completed.
2026-03-14T01:54:25.446+05:30  WARN 41164 --- [project-backend] [restartedMain] org.hibernate.orm.deprecation            : HHH90000025: MySQLDialect does not need to be specified explicitly using 'hibernate.dialect' (remove the property setting and it will be selected by default)
2026-03-14T01:54:25.447+05:30  INFO 41164 --- [project-backend] [restartedMain] org.hibernate.orm.connections.pooling    : HHH10001005: Database info:
	Database JDBC URL [jdbc:mysql://localhost:3306/ecommerce_db]
	Database driver: MySQL Connector/J
	Database dialect: MySQLDialect
	Database version: 8.0.45
	Default catalog/schema: ecommerce_db/undefined
	Autocommit mode: undefined/unknown
	Isolation level: REPEATABLE_READ [default REPEATABLE_READ]
	JDBC fetch size: none
	Pool: DataSourceConnectionProvider
	Minimum pool size: undefined/unknown
	Maximum pool size: undefined/unknown
2026-03-14T01:54:25.645+05:30  INFO 41164 --- [project-backend] [restartedMain] org.hibernate.orm.core                   : HHH000489: No JTA platform available (set 'hibernate.transaction.jta.platform' to enable JTA platform integration)
2026-03-14T01:54:25.760+05:30  INFO 41164 --- [project-backend] [restartedMain] j.LocalContainerEntityManagerFactoryBean : Initialized JPA EntityManagerFactory for persistence unit 'default'
2026-03-14T01:54:25.989+05:30  WARN 41164 --- [project-backend] [restartedMain] JpaBaseConfiguration$JpaWebConfiguration : spring.jpa.open-in-view is enabled by default. Therefore, database queries may be performed during view rendering. Explicitly configure spring.jpa.open-in-view to disable this warning
2026-03-14T01:54:26.023+05:30  INFO 41164 --- [project-backend] [restartedMain] r$InitializeUserDetailsManagerConfigurer : Global AuthenticationManager configured with UserDetailsService bean with name customUserDetailsService
2026-03-14T01:54:26.223+05:30  INFO 41164 --- [project-backend] [restartedMain] o.s.boot.tomcat.TomcatWebServer          : Tomcat started on port 8080 (http) with context path '/'
2026-03-14T01:54:26.227+05:30  INFO 41164 --- [project-backend] [restartedMain] c.e.p.ProjectBackendApplication          : Started ProjectBackendApplication in 1.722 seconds (process running for 1093.095)
2026-03-14T01:54:26.228+05:30  WARN 41164 --- [project-backend] [restartedMain] o.s.core.events.SpringDocAppInitializer  : SpringDoc /v3/api-docs endpoint is enabled by default. To disable it in production, set the property 'springdoc.api-docs.enabled=false'
2026-03-14T01:54:26.228+05:30  WARN 41164 --- [project-backend] [restartedMain] o.s.core.events.SpringDocAppInitializer  : SpringDoc /swagger-ui.html endpoint is enabled by default. To disable it in production, set the property 'springdoc.swagger-ui.enabled=false'
2026-03-14T01:54:26.229+05:30  INFO 41164 --- [project-backend] [restartedMain] .ConditionEvaluationDeltaLoggingListener : Condition evaluation delta:


==========================
CONDITION EVALUATION DELTA
==========================


Positive matches:
-----------------

    None


Negative matches:
-----------------

   ServletWebSecurityAutoConfiguration.SecurityFilterChainConfiguration:
      Did not match:
         - AllNestedConditions 1 matched 1 did not; NestedCondition on DefaultWebSecurityCondition.Beans @ConditionalOnMissingBean (types: org.springframework.security.web.SecurityFilterChain; SearchStrategy: all) found beans of type 'org.springframework.security.web.SecurityFilterChain' securityFilterChain; NestedCondition on DefaultWebSecurityCondition.Classes @ConditionalOnClass found required classes 'org.springframework.security.web.SecurityFilterChain', 'org.springframework.security.config.annotation.web.builders.HttpSecurity' (DefaultWebSecurityCondition)

   UserDetailsServiceAutoConfiguration:
      Did not match:
         - @ConditionalOnMissingBean (types: org.springframework.security.authentication.AuthenticationManager,org.springframework.security.authentication.AuthenticationProvider,org.springframework.security.core.userdetails.UserDetailsService,org.springframework.security.authentication.AuthenticationManagerResolver,org.springframework.security.oauth2.jwt.JwtDecoder; SearchStrategy: all) found beans of type 'org.springframework.security.core.userdetails.UserDetailsService' customUserDetailsService (OnBeanCondition)
      Matched:
         - @ConditionalOnClass found required class 'org.springframework.security.authentication.AuthenticationManager' (OnClassCondition)
         - found 'session' scope (OnWebApplicationCondition)
         - AnyNestedCondition 1 matched 2 did not; NestedCondition on MissingAlternativeUserDetailsManagerOrUserPropertiesConfigured.PasswordConfigured @ConditionalOnProperty (spring.security.user.password) did not find property 'spring.security.user.password'; NestedCondition on MissingAlternativeUserDetailsManagerOrUserPropertiesConfigured.NameConfigured @ConditionalOnProperty (spring.security.user.name) did not find property 'spring.security.user.name'; NestedCondition on MissingAlternativeUserDetailsManagerOrUserPropertiesConfigured.MissingAlternative @ConditionalOnMissingClass did not find unwanted classes 'org.springframework.security.oauth2.client.registration.ClientRegistrationRepository', 'org.springframework.security.oauth2.server.resource.introspection.OpaqueTokenIntrospector', 'org.springframework.security.saml2.provider.service.registration.RelyingPartyRegistrationRepository' (MissingAlternativeUserDetailsManagerOrUserPropertiesConfigured)


Exclusions:
-----------

    None


Unconditional classes:
----------------------

    None



2026-03-14T03:00:33.538+05:30  INFO 41164 --- [project-backend] [SpringApplicationShutdownHook] o.s.boot.tomcat.GracefulShutdown         : Commencing graceful shutdown. Waiting for active requests to complete
2026-03-14T03:00:33.931+05:30  INFO 41164 --- [project-backend] [tomcat-shutdown] o.s.boot.tomcat.GracefulShutdown         : Graceful shutdown complete
2026-03-14T03:00:33.997+05:30  INFO 41164 --- [project-backend] [SpringApplicationShutdownHook] j.LocalContainerEntityManagerFactoryBean : Closing JPA EntityManagerFactory for persistence unit 'default'
2026-03-14T03:00:34.044+05:30  INFO 41164 --- [project-backend] [SpringApplicationShutdownHook] com.zaxxer.hikari.HikariDataSource       : HikariPool-3 - Shutdown initiated...
2026-03-14T03:00:34.077+05:30  INFO 41164 --- [project-backend] [SpringApplicationShutdownHook] com.zaxxer.hikari.HikariDataSource       : HikariPool-3 - Shutdown completed.
2026-03-14T17:22:13.030+05:30  INFO 10016 --- [project-backend] [restartedMain] c.e.p.ProjectBackendApplication          : Starting ProjectBackendApplication using Java 19.0.1 with PID 10016 (C:\Users\akankshya pradhan\OneDrive\Desktop\project-backend\target\classes started by akankshya pradhan in C:\Users\akankshya pradhan\OneDrive\Desktop\project-backend)
2026-03-14T17:22:13.035+05:30 DEBUG 10016 --- [project-backend] [restartedMain] c.e.p.ProjectBackendApplication          : Running with Spring Boot v4.0.3, Spring v7.0.5
2026-03-14T17:22:13.037+05:30  INFO 10016 --- [project-backend] [restartedMain] c.e.p.ProjectBackendApplication          : No active profile set, falling back to 1 default profile: "default"
2026-03-14T17:22:13.197+05:30  INFO 10016 --- [project-backend] [restartedMain] .e.DevToolsPropertyDefaultsPostProcessor : Devtools property defaults active! Set 'spring.devtools.add-properties' to 'false' to disable
2026-03-14T17:22:13.198+05:30  INFO 10016 --- [project-backend] [restartedMain] .e.DevToolsPropertyDefaultsPostProcessor : For additional web related logging consider setting the 'logging.level.web' property to 'DEBUG'
2026-03-14T17:22:15.887+05:30  INFO 10016 --- [project-backend] [restartedMain] .s.d.r.c.RepositoryConfigurationDelegate : Bootstrapping Spring Data JPA repositories in DEFAULT mode.
2026-03-14T17:22:16.090+05:30  INFO 10016 --- [project-backend] [restartedMain] .s.d.r.c.RepositoryConfigurationDelegate : Finished Spring Data repository scanning in 175 ms. Found 6 JPA repository interfaces.
2026-03-14T17:22:17.835+05:30  INFO 10016 --- [project-backend] [restartedMain] o.s.boot.tomcat.TomcatWebServer          : Tomcat initialized with port 8080 (http)
2026-03-14T17:22:17.875+05:30  INFO 10016 --- [project-backend] [restartedMain] o.apache.catalina.core.StandardService   : Starting service [Tomcat]
2026-03-14T17:22:17.877+05:30  INFO 10016 --- [project-backend] [restartedMain] o.apache.catalina.core.StandardEngine    : Starting Servlet engine: [Apache Tomcat/11.0.18]
2026-03-14T17:22:18.040+05:30  INFO 10016 --- [project-backend] [restartedMain] b.w.c.s.WebApplicationContextInitializer : Root WebApplicationContext: initialization completed in 4841 ms
2026-03-14T17:22:18.251+05:30 DEBUG 10016 --- [project-backend] [restartedMain] c.e.project_backend.security.JwtFilter   : Filter 'jwtFilter' configured for use
2026-03-14T17:22:18.741+05:30  INFO 10016 --- [project-backend] [restartedMain] org.hibernate.orm.jpa                    : HHH008540: Processing PersistenceUnitInfo [name: default]
2026-03-14T17:22:18.957+05:30  INFO 10016 --- [project-backend] [restartedMain] org.hibernate.orm.core                   : HHH000001: Hibernate ORM core version 7.2.4.Final
2026-03-14T17:22:20.690+05:30  INFO 10016 --- [project-backend] [restartedMain] o.s.o.j.p.SpringPersistenceUnitInfo      : No LoadTimeWeaver setup: ignoring JPA class transformer
2026-03-14T17:22:20.766+05:30  INFO 10016 --- [project-backend] [restartedMain] com.zaxxer.hikari.HikariDataSource       : HikariPool-1 - Starting...
2026-03-14T17:22:21.883+05:30  INFO 10016 --- [project-backend] [restartedMain] com.zaxxer.hikari.pool.HikariPool        : HikariPool-1 - Added connection com.mysql.cj.jdbc.ConnectionImpl@8b57865
2026-03-14T17:22:21.889+05:30  INFO 10016 --- [project-backend] [restartedMain] com.zaxxer.hikari.HikariDataSource       : HikariPool-1 - Start completed.
2026-03-14T17:22:22.114+05:30  WARN 10016 --- [project-backend] [restartedMain] org.hibernate.orm.deprecation            : HHH90000025: MySQLDialect does not need to be specified explicitly using 'hibernate.dialect' (remove the property setting and it will be selected by default)
2026-03-14T17:22:22.185+05:30  INFO 10016 --- [project-backend] [restartedMain] org.hibernate.orm.connections.pooling    : HHH10001005: Database info:
	Database JDBC URL [jdbc:mysql://localhost:3306/ecommerce_db]
	Database driver: MySQL Connector/J
	Database dialect: MySQLDialect
	Database version: 8.0.45
	Default catalog/schema: ecommerce_db/undefined
	Autocommit mode: undefined/unknown
	Isolation level: REPEATABLE_READ [default REPEATABLE_READ]
	JDBC fetch size: none
	Pool: DataSourceConnectionProvider
	Minimum pool size: undefined/unknown
	Maximum pool size: undefined/unknown
2026-03-14T17:22:24.605+05:30  INFO 10016 --- [project-backend] [restartedMain] org.hibernate.orm.core                   : HHH000489: No JTA platform available (set 'hibernate.transaction.jta.platform' to enable JTA platform integration)
2026-03-14T17:22:24.849+05:30  INFO 10016 --- [project-backend] [restartedMain] j.LocalContainerEntityManagerFactoryBean : Initialized JPA EntityManagerFactory for persistence unit 'default'
2026-03-14T17:22:25.058+05:30  INFO 10016 --- [project-backend] [restartedMain] o.s.d.j.r.query.QueryEnhancerFactories   : Hibernate is in classpath; If applicable, HQL parser will be used.
2026-03-14T17:22:26.474+05:30  WARN 10016 --- [project-backend] [restartedMain] JpaBaseConfiguration$JpaWebConfiguration : spring.jpa.open-in-view is enabled by default. Therefore, database queries may be performed during view rendering. Explicitly configure spring.jpa.open-in-view to disable this warning
2026-03-14T17:22:26.794+05:30  INFO 10016 --- [project-backend] [restartedMain] r$InitializeUserDetailsManagerConfigurer : Global AuthenticationManager configured with UserDetailsService bean with name customUserDetailsService
2026-03-14T17:22:28.800+05:30  INFO 10016 --- [project-backend] [restartedMain] o.s.boot.tomcat.TomcatWebServer          : Tomcat started on port 8080 (http) with context path '/'
2026-03-14T17:22:28.817+05:30  INFO 10016 --- [project-backend] [restartedMain] c.e.p.ProjectBackendApplication          : Started ProjectBackendApplication in 17.041 seconds (process running for 18.629)
2026-03-14T17:22:28.824+05:30  WARN 10016 --- [project-backend] [restartedMain] o.s.core.events.SpringDocAppInitializer  : SpringDoc /v3/api-docs endpoint is enabled by default. To disable it in production, set the property 'springdoc.api-docs.enabled=false'
2026-03-14T17:22:28.824+05:30  WARN 10016 --- [project-backend] [restartedMain] o.s.core.events.SpringDocAppInitializer  : SpringDoc /swagger-ui.html endpoint is enabled by default. To disable it in production, set the property 'springdoc.swagger-ui.enabled=false'
2026-03-14T17:27:45.720+05:30  INFO 10016 --- [project-backend] [http-nio-8080-exec-1] o.a.c.c.C.[Tomcat].[localhost].[/]       : Initializing Spring DispatcherServlet 'dispatcherServlet'
2026-03-14T17:27:45.729+05:30  INFO 10016 --- [project-backend] [http-nio-8080-exec-1] o.s.web.servlet.DispatcherServlet        : Initializing Servlet 'dispatcherServlet'
2026-03-14T17:27:45.746+05:30  INFO 10016 --- [project-backend] [http-nio-8080-exec-1] o.s.web.servlet.DispatcherServlet        : Completed initialization in 17 ms
2026-03-14T17:27:48.016+05:30  INFO 10016 --- [project-backend] [http-nio-8080-exec-8] o.springdoc.api.AbstractOpenApiResource  : Init duration for springdoc-openapi is: 1433 ms
2026-03-14T17:30:04.531+05:30  INFO 10016 --- [project-backend] [http-nio-8080-exec-2] c.e.p.service.UserServiceImpl            : Registering new user with email: gdior5280@gmail.com
2026-03-14T17:30:06.202+05:30  INFO 10016 --- [project-backend] [http-nio-8080-exec-2] c.e.p.service.UserServiceImpl            : User registered successfully with ID: 8
2026-03-14T17:52:28.319+05:30  INFO 10016 --- [project-backend] [SpringApplicationShutdownHook] o.s.boot.tomcat.GracefulShutdown         : Commencing graceful shutdown. Waiting for active requests to complete
2026-03-14T17:52:28.906+05:30  INFO 10016 --- [project-backend] [tomcat-shutdown] o.s.boot.tomcat.GracefulShutdown         : Graceful shutdown complete
2026-03-14T17:52:29.021+05:30  INFO 10016 --- [project-backend] [SpringApplicationShutdownHook] j.LocalContainerEntityManagerFactoryBean : Closing JPA EntityManagerFactory for persistence unit 'default'
2026-03-14T17:52:29.202+05:30  INFO 10016 --- [project-backend] [SpringApplicationShutdownHook] com.zaxxer.hikari.HikariDataSource       : HikariPool-1 - Shutdown initiated...
2026-03-14T17:52:29.245+05:30  INFO 10016 --- [project-backend] [SpringApplicationShutdownHook] com.zaxxer.hikari.HikariDataSource       : HikariPool-1 - Shutdown completed.
2026-03-14T17:52:42.320+05:30  INFO 12748 --- [project-backend] [restartedMain] c.e.p.ProjectBackendApplication          : Starting ProjectBackendApplication using Java 19.0.1 with PID 12748 (C:\Users\akankshya pradhan\OneDrive\Desktop\project-backend\target\classes started by akankshya pradhan in C:\Users\akankshya pradhan\OneDrive\Desktop\project-backend)
2026-03-14T17:52:42.326+05:30 DEBUG 12748 --- [project-backend] [restartedMain] c.e.p.ProjectBackendApplication          : Running with Spring Boot v4.0.3, Spring v7.0.5
2026-03-14T17:52:42.328+05:30  INFO 12748 --- [project-backend] [restartedMain] c.e.p.ProjectBackendApplication          : No active profile set, falling back to 1 default profile: "default"
2026-03-14T17:52:42.475+05:30  INFO 12748 --- [project-backend] [restartedMain] .e.DevToolsPropertyDefaultsPostProcessor : Devtools property defaults active! Set 'spring.devtools.add-properties' to 'false' to disable
2026-03-14T17:52:42.475+05:30  INFO 12748 --- [project-backend] [restartedMain] .e.DevToolsPropertyDefaultsPostProcessor : For additional web related logging consider setting the 'logging.level.web' property to 'DEBUG'
2026-03-14T17:52:45.268+05:30  INFO 12748 --- [project-backend] [restartedMain] .s.d.r.c.RepositoryConfigurationDelegate : Bootstrapping Spring Data JPA repositories in DEFAULT mode.
2026-03-14T17:52:45.455+05:30  INFO 12748 --- [project-backend] [restartedMain] .s.d.r.c.RepositoryConfigurationDelegate : Finished Spring Data repository scanning in 161 ms. Found 6 JPA repository interfaces.
2026-03-14T17:52:47.201+05:30  INFO 12748 --- [project-backend] [restartedMain] o.s.boot.tomcat.TomcatWebServer          : Tomcat initialized with port 8080 (http)
2026-03-14T17:52:47.229+05:30  INFO 12748 --- [project-backend] [restartedMain] o.apache.catalina.core.StandardService   : Starting service [Tomcat]
2026-03-14T17:52:47.230+05:30  INFO 12748 --- [project-backend] [restartedMain] o.apache.catalina.core.StandardEngine    : Starting Servlet engine: [Apache Tomcat/11.0.18]
2026-03-14T17:52:47.454+05:30  INFO 12748 --- [project-backend] [restartedMain] b.w.c.s.WebApplicationContextInitializer : Root WebApplicationContext: initialization completed in 4978 ms
2026-03-14T17:52:47.611+05:30 DEBUG 12748 --- [project-backend] [restartedMain] c.e.project_backend.security.JwtFilter   : Filter 'jwtFilter' configured for use
2026-03-14T17:52:47.965+05:30  INFO 12748 --- [project-backend] [restartedMain] org.hibernate.orm.jpa                    : HHH008540: Processing PersistenceUnitInfo [name: default]
2026-03-14T17:52:48.116+05:30  INFO 12748 --- [project-backend] [restartedMain] org.hibernate.orm.core                   : HHH000001: Hibernate ORM core version 7.2.4.Final
2026-03-14T17:52:49.444+05:30  INFO 12748 --- [project-backend] [restartedMain] o.s.o.j.p.SpringPersistenceUnitInfo      : No LoadTimeWeaver setup: ignoring JPA class transformer
2026-03-14T17:52:49.514+05:30  INFO 12748 --- [project-backend] [restartedMain] com.zaxxer.hikari.HikariDataSource       : HikariPool-1 - Starting...
2026-03-14T17:52:50.246+05:30  INFO 12748 --- [project-backend] [restartedMain] com.zaxxer.hikari.pool.HikariPool        : HikariPool-1 - Added connection com.mysql.cj.jdbc.ConnectionImpl@4b9edc48
2026-03-14T17:52:50.251+05:30  INFO 12748 --- [project-backend] [restartedMain] com.zaxxer.hikari.HikariDataSource       : HikariPool-1 - Start completed.
2026-03-14T17:52:50.469+05:30  WARN 12748 --- [project-backend] [restartedMain] org.hibernate.orm.deprecation            : HHH90000025: MySQLDialect does not need to be specified explicitly using 'hibernate.dialect' (remove the property setting and it will be selected by default)
2026-03-14T17:52:50.533+05:30  INFO 12748 --- [project-backend] [restartedMain] org.hibernate.orm.connections.pooling    : HHH10001005: Database info:
	Database JDBC URL [jdbc:mysql://localhost:3306/ecommerce_db]
	Database driver: MySQL Connector/J
	Database dialect: MySQLDialect
	Database version: 8.0.45
	Default catalog/schema: ecommerce_db/undefined
	Autocommit mode: undefined/unknown
	Isolation level: REPEATABLE_READ [default REPEATABLE_READ]
	JDBC fetch size: none
	Pool: DataSourceConnectionProvider
	Minimum pool size: undefined/unknown
	Maximum pool size: undefined/unknown
2026-03-14T17:52:52.784+05:30  INFO 12748 --- [project-backend] [restartedMain] org.hibernate.orm.core                   : HHH000489: No JTA platform available (set 'hibernate.transaction.jta.platform' to enable JTA platform integration)
2026-03-14T17:52:53.017+05:30  INFO 12748 --- [project-backend] [restartedMain] j.LocalContainerEntityManagerFactoryBean : Initialized JPA EntityManagerFactory for persistence unit 'default'
2026-03-14T17:52:53.212+05:30  INFO 12748 --- [project-backend] [restartedMain] o.s.d.j.r.query.QueryEnhancerFactories   : Hibernate is in classpath; If applicable, HQL parser will be used.
2026-03-14T17:52:54.076+05:30  WARN 12748 --- [project-backend] [restartedMain] JpaBaseConfiguration$JpaWebConfiguration : spring.jpa.open-in-view is enabled by default. Therefore, database queries may be performed during view rendering. Explicitly configure spring.jpa.open-in-view to disable this warning
2026-03-14T17:52:54.249+05:30  INFO 12748 --- [project-backend] [restartedMain] r$InitializeUserDetailsManagerConfigurer : Global AuthenticationManager configured with UserDetailsService bean with name customUserDetailsService
2026-03-14T17:52:55.746+05:30  INFO 12748 --- [project-backend] [restartedMain] o.s.boot.tomcat.TomcatWebServer          : Tomcat started on port 8080 (http) with context path '/'
2026-03-14T17:52:55.766+05:30  INFO 12748 --- [project-backend] [restartedMain] c.e.p.ProjectBackendApplication          : Started ProjectBackendApplication in 14.743 seconds (process running for 16.244)
2026-03-14T17:52:55.777+05:30  WARN 12748 --- [project-backend] [restartedMain] o.s.core.events.SpringDocAppInitializer  : SpringDoc /v3/api-docs endpoint is enabled by default. To disable it in production, set the property 'springdoc.api-docs.enabled=false'
2026-03-14T17:52:55.777+05:30  WARN 12748 --- [project-backend] [restartedMain] o.s.core.events.SpringDocAppInitializer  : SpringDoc /swagger-ui.html endpoint is enabled by default. To disable it in production, set the property 'springdoc.swagger-ui.enabled=false'
2026-03-14T17:53:13.966+05:30  INFO 12748 --- [project-backend] [http-nio-8080-exec-1] o.a.c.c.C.[Tomcat].[localhost].[/]       : Initializing Spring DispatcherServlet 'dispatcherServlet'
2026-03-14T17:53:13.967+05:30  INFO 12748 --- [project-backend] [http-nio-8080-exec-1] o.s.web.servlet.DispatcherServlet        : Initializing Servlet 'dispatcherServlet'
2026-03-14T17:53:13.970+05:30  INFO 12748 --- [project-backend] [http-nio-8080-exec-1] o.s.web.servlet.DispatcherServlet        : Completed initialization in 3 ms
2026-03-14T17:53:16.102+05:30  INFO 12748 --- [project-backend] [http-nio-8080-exec-8] o.springdoc.api.AbstractOpenApiResource  : Init duration for springdoc-openapi is: 1355 ms
2026-03-14T17:53:52.306+05:30  WARN 12748 --- [project-backend] [http-nio-8080-exec-9] .m.m.a.ExceptionHandlerExceptionResolver : Resolved [com.ecommerce.project_backend.exception.ProductNotFoundException: Product not found]
2026-03-14T18:21:28.479+05:30  INFO 12748 --- [project-backend] [SpringApplicationShutdownHook] o.s.boot.tomcat.GracefulShutdown         : Commencing graceful shutdown. Waiting for active requests to complete
2026-03-14T18:21:29.043+05:30  INFO 12748 --- [project-backend] [tomcat-shutdown] o.s.boot.tomcat.GracefulShutdown         : Graceful shutdown complete
2026-03-14T18:21:29.138+05:30  INFO 12748 --- [project-backend] [SpringApplicationShutdownHook] j.LocalContainerEntityManagerFactoryBean : Closing JPA EntityManagerFactory for persistence unit 'default'
2026-03-14T18:21:29.307+05:30  INFO 12748 --- [project-backend] [SpringApplicationShutdownHook] com.zaxxer.hikari.HikariDataSource       : HikariPool-1 - Shutdown initiated...
2026-03-14T18:21:29.346+05:30  INFO 12748 --- [project-backend] [SpringApplicationShutdownHook] com.zaxxer.hikari.HikariDataSource       : HikariPool-1 - Shutdown completed.
2026-03-14T18:21:42.193+05:30  INFO 23656 --- [project-backend] [restartedMain] c.e.p.ProjectBackendApplication          : Starting ProjectBackendApplication using Java 19.0.1 with PID 23656 (C:\Users\akankshya pradhan\OneDrive\Desktop\project-backend\target\classes started by akankshya pradhan in C:\Users\akankshya pradhan\OneDrive\Desktop\project-backend)
2026-03-14T18:21:42.218+05:30 DEBUG 23656 --- [project-backend] [restartedMain] c.e.p.ProjectBackendApplication          : Running with Spring Boot v4.0.3, Spring v7.0.5
2026-03-14T18:21:42.222+05:30  INFO 23656 --- [project-backend] [restartedMain] c.e.p.ProjectBackendApplication          : No active profile set, falling back to 1 default profile: "default"
2026-03-14T18:21:42.391+05:30  INFO 23656 --- [project-backend] [restartedMain] .e.DevToolsPropertyDefaultsPostProcessor : Devtools property defaults active! Set 'spring.devtools.add-properties' to 'false' to disable
2026-03-14T18:21:42.392+05:30  INFO 23656 --- [project-backend] [restartedMain] .e.DevToolsPropertyDefaultsPostProcessor : For additional web related logging consider setting the 'logging.level.web' property to 'DEBUG'
2026-03-14T18:21:45.629+05:30  INFO 23656 --- [project-backend] [restartedMain] .s.d.r.c.RepositoryConfigurationDelegate : Bootstrapping Spring Data JPA repositories in DEFAULT mode.
2026-03-14T18:21:45.863+05:30  INFO 23656 --- [project-backend] [restartedMain] .s.d.r.c.RepositoryConfigurationDelegate : Finished Spring Data repository scanning in 196 ms. Found 6 JPA repository interfaces.
2026-03-14T18:21:47.971+05:30  INFO 23656 --- [project-backend] [restartedMain] o.s.boot.tomcat.TomcatWebServer          : Tomcat initialized with port 8080 (http)
2026-03-14T18:21:48.014+05:30  INFO 23656 --- [project-backend] [restartedMain] o.apache.catalina.core.StandardService   : Starting service [Tomcat]
2026-03-14T18:21:48.016+05:30  INFO 23656 --- [project-backend] [restartedMain] o.apache.catalina.core.StandardEngine    : Starting Servlet engine: [Apache Tomcat/11.0.18]
2026-03-14T18:21:48.192+05:30  INFO 23656 --- [project-backend] [restartedMain] b.w.c.s.WebApplicationContextInitializer : Root WebApplicationContext: initialization completed in 5798 ms
2026-03-14T18:21:48.358+05:30 DEBUG 23656 --- [project-backend] [restartedMain] c.e.project_backend.security.JwtFilter   : Filter 'jwtFilter' configured for use
2026-03-14T18:21:48.854+05:30  INFO 23656 --- [project-backend] [restartedMain] org.hibernate.orm.jpa                    : HHH008540: Processing PersistenceUnitInfo [name: default]
2026-03-14T18:21:49.081+05:30  INFO 23656 --- [project-backend] [restartedMain] org.hibernate.orm.core                   : HHH000001: Hibernate ORM core version 7.2.4.Final
2026-03-14T18:21:50.440+05:30  INFO 23656 --- [project-backend] [restartedMain] o.s.o.j.p.SpringPersistenceUnitInfo      : No LoadTimeWeaver setup: ignoring JPA class transformer
2026-03-14T18:21:50.513+05:30  INFO 23656 --- [project-backend] [restartedMain] com.zaxxer.hikari.HikariDataSource       : HikariPool-1 - Starting...
2026-03-14T18:21:51.267+05:30  INFO 23656 --- [project-backend] [restartedMain] com.zaxxer.hikari.pool.HikariPool        : HikariPool-1 - Added connection com.mysql.cj.jdbc.ConnectionImpl@2e74ea40
2026-03-14T18:21:51.273+05:30  INFO 23656 --- [project-backend] [restartedMain] com.zaxxer.hikari.HikariDataSource       : HikariPool-1 - Start completed.
2026-03-14T18:21:51.481+05:30  WARN 23656 --- [project-backend] [restartedMain] org.hibernate.orm.deprecation            : HHH90000025: MySQLDialect does not need to be specified explicitly using 'hibernate.dialect' (remove the property setting and it will be selected by default)
2026-03-14T18:21:51.594+05:30  INFO 23656 --- [project-backend] [restartedMain] org.hibernate.orm.connections.pooling    : HHH10001005: Database info:
	Database JDBC URL [jdbc:mysql://localhost:3306/ecommerce_db]
	Database driver: MySQL Connector/J
	Database dialect: MySQLDialect
	Database version: 8.0.45
	Default catalog/schema: ecommerce_db/undefined
	Autocommit mode: undefined/unknown
	Isolation level: REPEATABLE_READ [default REPEATABLE_READ]
	JDBC fetch size: none
	Pool: DataSourceConnectionProvider
	Minimum pool size: undefined/unknown
	Maximum pool size: undefined/unknown
2026-03-14T18:21:53.959+05:30  INFO 23656 --- [project-backend] [restartedMain] org.hibernate.orm.core                   : HHH000489: No JTA platform available (set 'hibernate.transaction.jta.platform' to enable JTA platform integration)
2026-03-14T18:21:54.197+05:30  INFO 23656 --- [project-backend] [restartedMain] j.LocalContainerEntityManagerFactoryBean : Initialized JPA EntityManagerFactory for persistence unit 'default'
2026-03-14T18:21:54.381+05:30  INFO 23656 --- [project-backend] [restartedMain] o.s.d.j.r.query.QueryEnhancerFactories   : Hibernate is in classpath; If applicable, HQL parser will be used.
2026-03-14T18:21:55.298+05:30  WARN 23656 --- [project-backend] [restartedMain] JpaBaseConfiguration$JpaWebConfiguration : spring.jpa.open-in-view is enabled by default. Therefore, database queries may be performed during view rendering. Explicitly configure spring.jpa.open-in-view to disable this warning
2026-03-14T18:21:55.523+05:30  INFO 23656 --- [project-backend] [restartedMain] r$InitializeUserDetailsManagerConfigurer : Global AuthenticationManager configured with UserDetailsService bean with name customUserDetailsService
2026-03-14T18:21:57.031+05:30  INFO 23656 --- [project-backend] [restartedMain] o.s.boot.tomcat.TomcatWebServer          : Tomcat started on port 8080 (http) with context path '/'
2026-03-14T18:21:57.046+05:30  INFO 23656 --- [project-backend] [restartedMain] c.e.p.ProjectBackendApplication          : Started ProjectBackendApplication in 16.202 seconds (process running for 17.701)
2026-03-14T18:21:57.054+05:30  WARN 23656 --- [project-backend] [restartedMain] o.s.core.events.SpringDocAppInitializer  : SpringDoc /v3/api-docs endpoint is enabled by default. To disable it in production, set the property 'springdoc.api-docs.enabled=false'
2026-03-14T18:21:57.054+05:30  WARN 23656 --- [project-backend] [restartedMain] o.s.core.events.SpringDocAppInitializer  : SpringDoc /swagger-ui.html endpoint is enabled by default. To disable it in production, set the property 'springdoc.swagger-ui.enabled=false'
2026-03-14T18:23:56.990+05:30  INFO 23656 --- [project-backend] [http-nio-8080-exec-1] o.a.c.c.C.[Tomcat].[localhost].[/]       : Initializing Spring DispatcherServlet 'dispatcherServlet'
2026-03-14T18:23:56.991+05:30  INFO 23656 --- [project-backend] [http-nio-8080-exec-1] o.s.web.servlet.DispatcherServlet        : Initializing Servlet 'dispatcherServlet'
2026-03-14T18:23:56.995+05:30  INFO 23656 --- [project-backend] [http-nio-8080-exec-1] o.s.web.servlet.DispatcherServlet        : Completed initialization in 4 ms
2026-03-14T18:23:59.190+05:30  INFO 23656 --- [project-backend] [http-nio-8080-exec-7] o.springdoc.api.AbstractOpenApiResource  : Init duration for springdoc-openapi is: 1400 ms
2026-03-14T18:24:56.068+05:30  WARN 23656 --- [project-backend] [http-nio-8080-exec-8] .m.m.a.ExceptionHandlerExceptionResolver : Resolved [jakarta.validation.UnexpectedTypeException: HV000030: No validator could be found for constraint 'jakarta.validation.constraints.NotBlank' validating type 'com.ecommerce.project_backend.entity.Role'. Check configuration for 'role']
2026-03-14T19:13:09.011+05:30  INFO 23656 --- [project-backend] [SpringApplicationShutdownHook] o.s.boot.tomcat.GracefulShutdown         : Commencing graceful shutdown. Waiting for active requests to complete
2026-03-14T19:13:09.466+05:30  INFO 23656 --- [project-backend] [tomcat-shutdown] o.s.boot.tomcat.GracefulShutdown         : Graceful shutdown complete
2026-03-14T19:13:09.558+05:30  INFO 23656 --- [project-backend] [SpringApplicationShutdownHook] j.LocalContainerEntityManagerFactoryBean : Closing JPA EntityManagerFactory for persistence unit 'default'
2026-03-14T19:13:09.701+05:30  INFO 23656 --- [project-backend] [SpringApplicationShutdownHook] com.zaxxer.hikari.HikariDataSource       : HikariPool-1 - Shutdown initiated...
2026-03-14T19:13:09.728+05:30  INFO 23656 --- [project-backend] [SpringApplicationShutdownHook] com.zaxxer.hikari.HikariDataSource       : HikariPool-1 - Shutdown completed.
